<?xml version="1.0" encoding="UTF-8"?>
<!-- Generated by org.testng.reporters.JUnitXMLReporter -->
<testsuite hostname="DESKTOP-SFFU33G" ignored="1" name="Default test" tests="1" failures="0" timestamp="30 Oct 2022 13:11:23 GMT" time="24.574" errors="0">
  <testcase name="LoginTestEmail" time="8.937" classname="com.innoplexus.curia.curiaFramework.LoginTest"/>
  <testcase name="LoginTestRandomText" time="0.0" classname="com.innoplexus.curia.curiaFramework.LoginTest">
    <ignored/>
  </testcase> <!-- LoginTestRandomText -->
</testsuite> <!-- Default test -->
