<?xml version="1.0" encoding="UTF-8"?>
<!-- Generated by org.testng.reporters.JUnitXMLReporter -->
<testsuite hostname="DESKTOP-SFFU33G" ignored="0" name="SplashPage5Test" tests="1" failures="0" timestamp="30 Oct 2022 06:33:09 GMT" time="34.885" errors="0">
  <testcase name="@BeforeClass AppiumTest" time="34.875" classname="com.innoplexus.curia.curiaFramework.BaseTest">
    <failure type="org.openqa.selenium.SessionNotCreatedException" message="Could not start a new session. Response code 500. Message: An unknown server-side error occurred while processing the command. Original error: Error executing adbExec. Original error: &amp;apos;Command &amp;apos;C:\\Users\\sai\\AppData\\Local\\Android\\Sdk\\platform-tools\\adb.exe -P 5037 -s e2c94fb9 shell &amp;apos;settings delete global hidden_api_policy_pre_p_apps;settings delete global hidden_api_policy_p_apps;settings delete global hidden_api_policy&amp;apos;&amp;apos; exited with code 1&amp;apos;; Command output: adb.exe: device &amp;apos;e2c94fb9&amp;apos; not found

Build info: version: &amp;apos;4.3.0&amp;apos;, revision: &amp;apos;a4995e2c09*&amp;apos;
System info: host: &amp;apos;DESKTOP-SFFU33G&amp;apos;, ip: &amp;apos;192.168.0.7&amp;apos;, os.name: &amp;apos;Windows 10&amp;apos;, os.arch: &amp;apos;amd64&amp;apos;, os.version: &amp;apos;10.0&amp;apos;, java.version: &amp;apos;1.8.0_351&amp;apos;
Driver info: io.appium.java_client.android.AndroidDriver
Command: [null, newSession {capabilities=[{appium:noReset=true, appium:resetKeyboard=false, appium:unicodeKeyboard=false, appium:appWaitDuration=3000, appium:appWaitActivity=com.innoplexus.patientapp.MainActivity, appium:appActivity=com.innoplexus.patientapp.MainActivity, platformName=ANDROID, appium:deviceName=e2c94fb9, appium:fullReset=false, appium:automationName=UIAutomator2, appium:appPackage=com.innoplexus.patientapp}], desiredCapabilities=Capabilities {appium:appActivity: com.innoplexus.patientapp.M..., appium:appPackage: com.innoplexus.patientapp, appium:appWaitActivity: com.innoplexus.patientapp.M..., appium:appWaitDuration: 3000, appium:automationName: UIAutomator2, appium:deviceName: e2c94fb9, appium:fullReset: false, appium:noReset: true, appium:resetKeyboard: false, appium:unicodeKeyboard: false, platformName: ANDROID}}]
Capabilities {}">
      <![CDATA[org.openqa.selenium.SessionNotCreatedException: Could not start a new session. Response code 500. Message: An unknown server-side error occurred while processing the command. Original error: Error executing adbExec. Original error: 'Command 'C:\\Users\\sai\\AppData\\Local\\Android\\Sdk\\platform-tools\\adb.exe -P 5037 -s e2c94fb9 shell 'settings delete global hidden_api_policy_pre_p_apps;settings delete global hidden_api_policy_p_apps;settings delete global hidden_api_policy'' exited with code 1'; Command output: adb.exe: device 'e2c94fb9' not found

Build info: version: '4.3.0', revision: 'a4995e2c09*'
System info: host: 'DESKTOP-SFFU33G', ip: '192.168.0.7', os.name: 'Windows 10', os.arch: 'amd64', os.version: '10.0', java.version: '1.8.0_351'
Driver info: io.appium.java_client.android.AndroidDriver
Command: [null, newSession {capabilities=[{appium:noReset=true, appium:resetKeyboard=false, appium:unicodeKeyboard=false, appium:appWaitDuration=3000, appium:appWaitActivity=com.innoplexus.patientapp.MainActivity, appium:appActivity=com.innoplexus.patientapp.MainActivity, platformName=ANDROID, appium:deviceName=e2c94fb9, appium:fullReset=false, appium:automationName=UIAutomator2, appium:appPackage=com.innoplexus.patientapp}], desiredCapabilities=Capabilities {appium:appActivity: com.innoplexus.patientapp.M..., appium:appPackage: com.innoplexus.patientapp, appium:appWaitActivity: com.innoplexus.patientapp.M..., appium:appWaitDuration: 3000, appium:automationName: UIAutomator2, appium:deviceName: e2c94fb9, appium:fullReset: false, appium:noReset: true, appium:resetKeyboard: false, appium:unicodeKeyboard: false, platformName: ANDROID}}]
Capabilities {}
at org.openqa.selenium.remote.ProtocolHandshake.createSession(ProtocolHandshake.java:144)
at io.appium.java_client.remote.AppiumProtocolHandshake.createSession(AppiumProtocolHandshake.java:126)
at io.appium.java_client.remote.AppiumProtocolHandshake.createSession(AppiumProtocolHandshake.java:102)
at io.appium.java_client.remote.AppiumCommandExecutor.createSession(AppiumCommandExecutor.java:146)
at io.appium.java_client.remote.AppiumCommandExecutor.execute(AppiumCommandExecutor.java:180)
at org.openqa.selenium.remote.RemoteWebDriver.execute(RemoteWebDriver.java:569)
at io.appium.java_client.AppiumDriver.startSession(AppiumDriver.java:224)
at org.openqa.selenium.remote.RemoteWebDriver.<init>(RemoteWebDriver.java:179)
at io.appium.java_client.AppiumDriver.<init>(AppiumDriver.java:79)
at io.appium.java_client.AppiumDriver.<init>(AppiumDriver.java:87)
at io.appium.java_client.android.AndroidDriver.<init>(AndroidDriver.java:116)
at com.innoplexus.curia.curiaFramework.BaseTest.AppiumTest(BaseTest.java:31)
... Removed 30 stack frames]]>
    </failure>
  </testcase> <!-- @BeforeClass AppiumTest -->
  <testcase name="TestSplash5" time="0.0" classname="com.innoplexus.curia.curiaFramework.SplashPageTest5">
    <skipped/>
  </testcase> <!-- TestSplash5 -->
</testsuite> <!-- SplashPage5Test -->
